<?xml version="1.0" encoding="UTF-8" ?>
<testsuite tests="21" failures="0" name="CucumberRunner.AddToCartTest" time="44.436" errors="0" skipped="0">
  <properties>
[...]
</properties>
  <testcase classname="when user searches #1" name="user is in home page" time="11.492"/>
  <testcase classname="when user searches #1" name="user searches &quot;vneck&quot;" time="2.971"/>
  <testcase classname="when user searches #1" name="user should be taken to search result page" time="0.102"/>
  <testcase classname="when user searches #1" name="when user searches #1" time="0.107"/>
  <testcase classname="when user searches #2" name="user is in home page" time="8.122"/>
  <testcase classname="when user searches #2" name="user searches &quot;polo&quot;" time="3.285"/>
  <testcase classname="when user searches #2" name="user should be taken to search result page" time="0.091"/>
  <testcase classname="when user searches #2" name="when user searches #2" time="0.092"/>
  <testcase classname="when user searches #3" name="user is in home page" time="4.554"/>
  <testcase classname="when user searches #3" name="user searches &quot;hoodies&quot;" time="0.615"/>
  <testcase classname="when user searches #3" name="user should be taken to search result page" time="0.088"/>
  <testcase classname="when user searches #3" name="when user searches #3" time="0.089"/>
  <testcase classname="the user should be able to search the product" name="user is in home page" time="4.211"/>
  <testcase classname="the user should be able to search the product" name="user logs in" time="1.161"/>
  <testcase classname="the user should be able to search the product" name="user types in search bar and clicks enter &quot;tshirt&quot;" time="1.1"/>
  <testcase classname="the user should be able to search the product" name="user should be taken to search result page" time="0.089"/>
  <testcase classname="the user should be able to search the product" name="the user should be able to search the product" time="0.09"/>
  <testcase classname="the user gives wrong credentials" name="user is in home page" time="5.23"/>
  <testcase classname="the user gives wrong credentials" name="user enters wrong credentials" time="0.716"/>
  <testcase classname="the user gives wrong credentials" name="user shouldn&apos;t be logged in" time="0.115"/>
  <testcase classname="the user gives wrong credentials" name="the user gives wrong credentials" time="0.116"/>
</testsuite>